id=0
mr=31
nr=8
mu=31
nu=8
ku=3
mb=124
nb=20000
kb=458
prefetchA1=620
prefetchA2=0
prefetchB1=208
prefetchB2=0
kernel31x83_124x20000x458_620+208.c
-------------------------------------
id=1
mr=31
nr=8
mu=31
nu=8
ku=3
mb=124
nb=20000
kb=458
prefetchA1=620
prefetchA2=0
prefetchB1=160
prefetchB2=0
kernel31x83_124x20000x458_620+160.c
-------------------------------------
id=2
mr=31
nr=8
mu=31
nu=8
ku=3
mb=124
nb=20000
kb=430
prefetchA1=620
prefetchA2=0
prefetchB1=176
prefetchB2=0
kernel31x83_124x20000x430_620+176.c
-------------------------------------
id=3
mr=31
nr=8
mu=31
nu=8
ku=2
mb=124
nb=20000
kb=458
prefetchA1=620
prefetchA2=0
prefetchB1=160
prefetchB2=0
kernel31x82_124x20000x458_620+160.c
-------------------------------------
id=4
mr=31
nr=8
mu=31
nu=8
ku=3
mb=93
nb=20000
kb=537
prefetchA1=620
prefetchA2=0
prefetchB1=208
prefetchB2=0
kernel31x83_93x20000x537_620+208.c
-------------------------------------
id=5
mr=31
nr=8
mu=31
nu=8
ku=2
mb=93
nb=20000
kb=537
prefetchA1=620
prefetchA2=0
prefetchB1=176
prefetchB2=0
kernel31x82_93x20000x537_620+176.c
-------------------------------------
id=6
mr=31
nr=8
mu=31
nu=8
ku=3
mb=93
nb=20000
kb=537
prefetchA1=620
prefetchA2=0
prefetchB1=176
prefetchB2=0
kernel31x83_93x20000x537_620+176.c
-------------------------------------
id=7
mr=31
nr=8
mu=31
nu=8
ku=2
mb=124
nb=20000
kb=430
prefetchA1=620
prefetchA2=0
prefetchB1=176
prefetchB2=0
kernel31x82_124x20000x430_620+176.c
-------------------------------------
id=8
mr=31
nr=8
mu=31
nu=8
ku=4
mb=124
nb=20000
kb=458
prefetchA1=620
prefetchA2=0
prefetchB1=160
prefetchB2=0
kernel31x84_124x20000x458_620+160.c
-------------------------------------
id=9
mr=31
nr=8
mu=31
nu=8
ku=2
mb=124
nb=20000
kb=458
prefetchA1=620
prefetchA2=0
prefetchB1=208
prefetchB2=0
kernel31x82_124x20000x458_620+208.c
-------------------------------------
